Exporter version: 2.93.5, Blender version: 2.93.3
========= Conversion from Blender to Babylon.js =========
	Scene settings used :
		Inline textures     :  false
		Material Type       :  PBR
		Positions Precision :  4
		Normals Precision   :  3
		UVs Precision       :  3
		Vert Color Precision:  3
		Mat Weight Precision:  2
		Keep Z-up r-handed  :  no
		Texture directory   :  C:\Users\Matth\Documents\GitHub\BattlePoc\3dmodule\Epona\
	Python World class constructor completed
	WARNING: No active camera has been assigned, or is not in a currently enabled collection
	processing begun of skeleton:  Armature, id:  0
		processing begun of bone:  Bone, index:  0
		processing begun of bone:  Bone.001, index:  1
		processing begun of bone:  Bone.002, index:  2
		processing begun of bone:  Bone.003, index:  3
		processing begun of bone:  Bone.004, index:  4
		processing begun of bone:  Bone.006, index:  5
		processing begun of bone:  Bone.007, index:  6
		processing begun of bone:  Bone.008, index:  7
		processing action 0stand:  in[1 - 32], out[0 - 32]
		processing action 1walk:  in[1 - 32], out[40 - 72]
		processing action 2run:  in[1 - 32], out[80 - 112]
		processing action 3end:  in[1 - 32], out[120 - 152]
	processing begun of mesh:  cuerpo
		processing begun of material:  Body

ERROR: UN-EXCEPTED NODE TYPE(SHADERNODENORMALMAP).  CANNOT CONTINUE.

		processing begun of material:  Hair

ERROR: UN-EXCEPTED NODE TYPE(SHADERNODENORMALMAP).  CANNOT CONTINUE.

			WARNING: Metal channel baking required, but not possible, ignored
			WARNING: Roughness channel baking required, but not possible, ignored
			WARNING: Refraction channel baking required, but not possible, ignored
			Baking texture, type: DIFFUSE, mapped using: BakingUV
			processing texture cuerpo_baked_DIFFUSE
				texture type:  diffuseTexture, mapped using: "BakingUV"
			Diffuse / albeto channel baked
			Baking texture, type: EMIT, mapped using: BakingUV
			processing texture cuerpo_baked_EMIT
				texture type:  emissiveTexture, mapped using: "BakingUV"
			emissive channel baked
			Baking texture, type: GLOSSY, mapped using: BakingUV
			processing texture cuerpo_baked_GLOSSY
				texture type:  specularTexture, mapped using: "BakingUV"
			specular channel baked
			bake time:  0 min, 35.4925 secs
		Custom split normals with tangents being used
		num positions      :  24662
		num normals        :  24662
		num tangents       :  98648
		num uvs            :  49324
		num uvs2           :  0
		num colors         :  0
		num triangles      :  17294
		Skeleton stats:  
			Total Influencers:  36820
			Avg # of influencers per vertex:  1.493
			Highest # of influencers observed:  5, num vertices with this:  21
			exported as 5 influencers
			num skeletonWeights and skeletonIndices:  197296
	processing begun of light (DIRECTIONAL):  Sun
	Output cancelled due to data error
========= end of processing =========
elapsed time:  0 min, 41.0308 secs
